<?xml version="1.0" encoding="UTF-8"?>
<!-- Generated by org.testng.reporters.JUnitReportReporter -->
<testsuite hostname="MANJARA-IN-LE01" failures="0" tests="2" name="runnerclasses.LoginTestRunner" time="29.835" errors="0" timestamp="2023-10-01T19:32:22 IST" skipped="0">
  <testcase classname="runnerclasses.LoginTestRunner" name="InvalidLogin" time="15.878"/>
  <system-out/>
  <testcase classname="runnerclasses.LoginTestRunner" name="ValidLogin" time="13.957"/>
  <system-out/>
</testsuite> <!-- runnerclasses.LoginTestRunner -->
