<?xml version="1.0" encoding="UTF-8"?>
<!-- Generated by org.testng.reporters.JUnitReportReporter -->
<testsuite hostname="MANJARA-IN-LE01" failures="0" tests="2" name="runnerclasses.EndtoEndRunner" time="56.263" errors="0" timestamp="2023-10-01T20:08:52 IST" skipped="0">
  <testcase classname="runnerclasses.EndtoEndRunner" name="cartItems" time="28.763"/>
  <system-out/>
  <testcase classname="runnerclasses.EndtoEndRunner" name="cartItems" time="27.500"/>
  <system-out/>
</testsuite> <!-- runnerclasses.EndtoEndRunner -->
